<?xml version="1.0" encoding="UTF-8"?>
<testsuite xmlns:xsi="http://www.w3.org/2001/XMLSchema-instance" xsi:noNamespaceSchemaLocation="https://maven.apache.org/surefire/maven-surefire-plugin/xsd/surefire-test-report.xsd" name="m1.archi.AppTest" time="0.026" tests="1" errors="0" skipped="0" failures="0">
  <properties>
    <property name="sun.desktop" value="windows"/>
    <property name="awt.toolkit" value="sun.awt.windows.WToolkit"/>
    <property name="file.encoding.pkg" value="sun.io"/>
    <property name="java.specification.version" value="1.8"/>
    <property name="sun.cpu.isalist" value="amd64"/>
    <property name="sun.jnu.encoding" value="Cp1252"/>
    <property name="java.class.path" value="F:\DossierLoris\MonProfil\MesDocumentEcole\Fac\M1\M1-GL\ArchiLogicielleDistribue\TP\TP2_SOAP\P2_hotelDistribue\soapclient\target\test-classes;F:\DossierLoris\MonProfil\MesDocumentEcole\Fac\M1\M1-GL\ArchiLogicielleDistribue\TP\TP2_SOAP\P2_hotelDistribue\soapclient\target\classes;C:\Users\loris\.m2\repository\junit\junit\4.13.2\junit-4.13.2.jar;C:\Users\loris\.m2\repository\org\hamcrest\hamcrest-core\1.3\hamcrest-core-1.3.jar;C:\Users\loris\.m2\repository\org\jboss\spec\javax\annotation\jboss-annotations-api_1.1_spec\1.0.0.Final\jboss-annotations-api_1.1_spec-1.0.0.Final.jar;C:\Users\loris\.m2\repository\org\jboss\spec\javax\resource\jboss-connector-api_1.5_spec\1.0.0.Final\jboss-connector-api_1.5_spec-1.0.0.Final.jar;C:\Users\loris\.m2\repository\org\jboss\spec\javax\ejb\jboss-ejb-api_3.1_spec\1.0.0.Final\jboss-ejb-api_3.1_spec-1.0.0.Final.jar;C:\Users\loris\.m2\repository\javax\xml\jaxrpc-api\1.1\jaxrpc-api-1.1.jar;C:\Users\loris\.m2\repository\org\jboss\spec\javax\el\jboss-el-api_2.2_spec\1.0.0.Final\jboss-el-api_2.2_spec-1.0.0.Final.jar;C:\Users\loris\.m2\repository\org\jboss\spec\javax\interceptor\jboss-interceptors-api_1.1_spec\1.0.0.Final\jboss-interceptors-api_1.1_spec-1.0.0.Final.jar;C:\Users\loris\.m2\repository\org\jboss\spec\javax\security\jacc\jboss-jacc-api_1.4_spec\1.0.0.Final\jboss-jacc-api_1.4_spec-1.0.0.Final.jar;C:\Users\loris\.m2\repository\org\jboss\spec\javax\enterprise\deploy\jboss-jad-api_1.2_spec\1.0.0.Final\jboss-jad-api_1.2_spec-1.0.0.Final.jar;C:\Users\loris\.m2\repository\org\jboss\spec\javax\security\auth\message\jboss-jaspi-api_1.0_spec\1.0.0.Final\jboss-jaspi-api_1.0_spec-1.0.0.Final.jar;C:\Users\loris\.m2\repository\org\jboss\spec\javax\xml\registry\jboss-jaxr-api_1.0_spec\1.0.0.Final\jboss-jaxr-api_1.0_spec-1.0.0.Final.jar;C:\Users\loris\.m2\repository\org\jboss\spec\javax\jms\jboss-jms-api_1.1_spec\1.0.0.Final\jboss-jms-api_1.1_spec-1.0.0.Final.jar;C:\Users\loris\.m2\repository\org\jboss\spec\javax\servlet\jsp\jboss-jsp-api_2.2_spec\1.0.0.Final\jboss-jsp-api_2.2_spec-1.0.0.Final.jar;C:\Users\loris\.m2\repository\org\jboss\spec\javax\servlet\jboss-servlet-api_3.0_spec\1.0.0.Final\jboss-servlet-api_3.0_spec-1.0.0.Final.jar;C:\Users\loris\.m2\repository\org\jboss\spec\javax\transaction\jboss-transaction-api_1.1_spec\1.0.0.Final\jboss-transaction-api_1.1_spec-1.0.0.Final.jar;C:\Users\loris\.m2\repository\org\jboss\spec\javax\xml\bind\jboss-jaxb-api_2.2_spec\1.0.0.Final\jboss-jaxb-api_2.2_spec-1.0.0.Final.jar;C:\Users\loris\.m2\repository\org\jboss\spec\javax\xml\rpc\jboss-jaxrpc-api_1.1_spec\1.0.0.Final\jboss-jaxrpc-api_1.1_spec-1.0.0.Final.jar;C:\Users\loris\.m2\repository\org\jboss\spec\javax\xml\soap\jboss-saaj-api_1.3_spec\1.0.0.Final\jboss-saaj-api_1.3_spec-1.0.0.Final.jar;C:\Users\loris\.m2\repository\org\jboss\spec\javax\xml\ws\jboss-jaxws-api_2.2_spec\1.0.0.Final\jboss-jaxws-api_2.2_spec-1.0.0.Final.jar;C:\Users\loris\.m2\repository\javax\activation\activation\1.1\activation-1.1.jar;C:\Users\loris\.m2\repository\javax\enterprise\cdi-api\1.0-SP4\cdi-api-1.0-SP4.jar;C:\Users\loris\.m2\repository\com\sun\faces\jsf-api\2.0.3-b05\jsf-api-2.0.3-b05.jar;C:\Users\loris\.m2\repository\javax\inject\javax.inject\1\javax.inject-1.jar;C:\Users\loris\.m2\repository\javax\jws\jsr181-api\1.0-MR1\jsr181-api-1.0-MR1.jar;C:\Users\loris\.m2\repository\javax\mail\mail\1.4.2\mail-1.4.2.jar;C:\Users\loris\.m2\repository\javax\servlet\jstl\1.2\jstl-1.2.jar;C:\Users\loris\.m2\repository\org\hibernate\javax\persistence\hibernate-jpa-2.0-api\1.0.0.Final\hibernate-jpa-2.0-api-1.0.0.Final.jar;C:\Users\loris\.m2\repository\org\jboss\resteasy\jaxrs-api\2.1.0.GA\jaxrs-api-2.1.0.GA.jar;C:\Users\loris\.m2\repository\stax\stax-api\1.0.1\stax-api-1.0.1.jar;C:\Users\loris\.m2\repository\javax\validation\validation-api\1.0.0.GA\validation-api-1.0.0.GA.jar;C:\Users\loris\.m2\repository\com\sun\xml\ws\jaxws-rt\2.2.5\jaxws-rt-2.2.5.jar;C:\Users\loris\.m2\repository\javax\xml\ws\jaxws-api\2.2.5\jaxws-api-2.2.5.jar;C:\Users\loris\.m2\repository\javax\xml\bind\jaxb-api\2.2.3\jaxb-api-2.2.3.jar;C:\Users\loris\.m2\repository\javax\xml\soap\saaj-api\1.3.3\saaj-api-1.3.3.jar;C:\Users\loris\.m2\repository\org\glassfish\javax.annotation\3.1.1-b06\javax.annotation-3.1.1-b06.jar;C:\Users\loris\.m2\repository\com\sun\xml\bind\jaxb-impl\2.2.4-1\jaxb-impl-2.2.4-1.jar;C:\Users\loris\.m2\repository\com\sun\xml\messaging\saaj\saaj-impl\1.3.10\saaj-impl-1.3.10.jar;C:\Users\loris\.m2\repository\com\sun\xml\stream\buffer\streambuffer\1.2\streambuffer-1.2.jar;C:\Users\loris\.m2\repository\org\codehaus\woodstox\woodstox-core-asl\4.1.1\woodstox-core-asl-4.1.1.jar;C:\Users\loris\.m2\repository\javax\xml\stream\stax-api\1.0-2\stax-api-1.0-2.jar;C:\Users\loris\.m2\repository\org\codehaus\woodstox\stax2-api\3.1.1\stax2-api-3.1.1.jar;C:\Users\loris\.m2\repository\org\jvnet\staxex\stax-ex\1.4\stax-ex-1.4.jar;C:\Users\loris\.m2\repository\com\sun\org\apache\xml\internal\resolver\20050927\resolver-20050927.jar;C:\Users\loris\.m2\repository\org\jvnet\mimepull\1.6\mimepull-1.6.jar;C:\Users\loris\.m2\repository\com\sun\xml\ws\policy\2.2.2\policy-2.2.2.jar;C:\Users\loris\.m2\repository\com\sun\xml\txw2\txw2\20090102\txw2-20090102.jar;C:\Users\loris\.m2\repository\com\sun\istack\istack-commons-runtime\2.2.1\istack-commons-runtime-2.2.1.jar;C:\Users\loris\.m2\repository\org\codehaus\woodstox\wstx-asl\3.2.3\wstx-asl-3.2.3.jar;C:\Users\loris\.m2\repository\org\glassfish\gmbal\gmbal-api-only\3.1.0-b001\gmbal-api-only-3.1.0-b001.jar;C:\Users\loris\.m2\repository\org\glassfish\external\management-api\3.0.0-b012\management-api-3.0.0-b012.jar;C:\Users\loris\.m2\repository\org\glassfish\ha\ha-api\3.1.8\ha-api-3.1.8.jar;C:\Users\loris\.m2\repository\org\jdatepicker\jdatepicker\1.3.4\jdatepicker-1.3.4.jar;C:\Users\loris\.m2\repository\com\fasterxml\jackson\core\jackson-databind\2.13.0\jackson-databind-2.13.0.jar;C:\Users\loris\.m2\repository\com\fasterxml\jackson\core\jackson-annotations\2.13.0\jackson-annotations-2.13.0.jar;C:\Users\loris\.m2\repository\com\fasterxml\jackson\core\jackson-core\2.13.0\jackson-core-2.13.0.jar;"/>
    <property name="java.vm.vendor" value="Oracle Corporation"/>
    <property name="sun.arch.data.model" value="64"/>
    <property name="user.variant" value=""/>
    <property name="java.vendor.url" value="http://java.oracle.com/"/>
    <property name="user.timezone" value="Europe/Paris"/>
    <property name="java.vm.specification.version" value="1.8"/>
    <property name="os.name" value="Windows 11"/>
    <property name="user.country" value="FR"/>
    <property name="sun.java.launcher" value="SUN_STANDARD"/>
    <property name="sun.boot.library.path" value="C:\Program Files\Java\openlogic-openjdk-8u392-b08-windows-64\jre\bin"/>
    <property name="sun.java.command" value="C:\Users\loris\AppData\Local\Temp\surefire1007916462617944320\surefirebooter6729896282868537642.jar C:\Users\loris\AppData\Local\Temp\surefire1007916462617944320 2023-11-18T18-10-47_645-jvmRun1 surefire4027705965216074712tmp surefire_05166626627282207570tmp"/>
    <property name="surefire.test.class.path" value="F:\DossierLoris\MonProfil\MesDocumentEcole\Fac\M1\M1-GL\ArchiLogicielleDistribue\TP\TP2_SOAP\P2_hotelDistribue\soapclient\target\test-classes;F:\DossierLoris\MonProfil\MesDocumentEcole\Fac\M1\M1-GL\ArchiLogicielleDistribue\TP\TP2_SOAP\P2_hotelDistribue\soapclient\target\classes;C:\Users\loris\.m2\repository\junit\junit\4.13.2\junit-4.13.2.jar;C:\Users\loris\.m2\repository\org\hamcrest\hamcrest-core\1.3\hamcrest-core-1.3.jar;C:\Users\loris\.m2\repository\org\jboss\spec\javax\annotation\jboss-annotations-api_1.1_spec\1.0.0.Final\jboss-annotations-api_1.1_spec-1.0.0.Final.jar;C:\Users\loris\.m2\repository\org\jboss\spec\javax\resource\jboss-connector-api_1.5_spec\1.0.0.Final\jboss-connector-api_1.5_spec-1.0.0.Final.jar;C:\Users\loris\.m2\repository\org\jboss\spec\javax\ejb\jboss-ejb-api_3.1_spec\1.0.0.Final\jboss-ejb-api_3.1_spec-1.0.0.Final.jar;C:\Users\loris\.m2\repository\javax\xml\jaxrpc-api\1.1\jaxrpc-api-1.1.jar;C:\Users\loris\.m2\repository\org\jboss\spec\javax\el\jboss-el-api_2.2_spec\1.0.0.Final\jboss-el-api_2.2_spec-1.0.0.Final.jar;C:\Users\loris\.m2\repository\org\jboss\spec\javax\interceptor\jboss-interceptors-api_1.1_spec\1.0.0.Final\jboss-interceptors-api_1.1_spec-1.0.0.Final.jar;C:\Users\loris\.m2\repository\org\jboss\spec\javax\security\jacc\jboss-jacc-api_1.4_spec\1.0.0.Final\jboss-jacc-api_1.4_spec-1.0.0.Final.jar;C:\Users\loris\.m2\repository\org\jboss\spec\javax\enterprise\deploy\jboss-jad-api_1.2_spec\1.0.0.Final\jboss-jad-api_1.2_spec-1.0.0.Final.jar;C:\Users\loris\.m2\repository\org\jboss\spec\javax\security\auth\message\jboss-jaspi-api_1.0_spec\1.0.0.Final\jboss-jaspi-api_1.0_spec-1.0.0.Final.jar;C:\Users\loris\.m2\repository\org\jboss\spec\javax\xml\registry\jboss-jaxr-api_1.0_spec\1.0.0.Final\jboss-jaxr-api_1.0_spec-1.0.0.Final.jar;C:\Users\loris\.m2\repository\org\jboss\spec\javax\jms\jboss-jms-api_1.1_spec\1.0.0.Final\jboss-jms-api_1.1_spec-1.0.0.Final.jar;C:\Users\loris\.m2\repository\org\jboss\spec\javax\servlet\jsp\jboss-jsp-api_2.2_spec\1.0.0.Final\jboss-jsp-api_2.2_spec-1.0.0.Final.jar;C:\Users\loris\.m2\repository\org\jboss\spec\javax\servlet\jboss-servlet-api_3.0_spec\1.0.0.Final\jboss-servlet-api_3.0_spec-1.0.0.Final.jar;C:\Users\loris\.m2\repository\org\jboss\spec\javax\transaction\jboss-transaction-api_1.1_spec\1.0.0.Final\jboss-transaction-api_1.1_spec-1.0.0.Final.jar;C:\Users\loris\.m2\repository\org\jboss\spec\javax\xml\bind\jboss-jaxb-api_2.2_spec\1.0.0.Final\jboss-jaxb-api_2.2_spec-1.0.0.Final.jar;C:\Users\loris\.m2\repository\org\jboss\spec\javax\xml\rpc\jboss-jaxrpc-api_1.1_spec\1.0.0.Final\jboss-jaxrpc-api_1.1_spec-1.0.0.Final.jar;C:\Users\loris\.m2\repository\org\jboss\spec\javax\xml\soap\jboss-saaj-api_1.3_spec\1.0.0.Final\jboss-saaj-api_1.3_spec-1.0.0.Final.jar;C:\Users\loris\.m2\repository\org\jboss\spec\javax\xml\ws\jboss-jaxws-api_2.2_spec\1.0.0.Final\jboss-jaxws-api_2.2_spec-1.0.0.Final.jar;C:\Users\loris\.m2\repository\javax\activation\activation\1.1\activation-1.1.jar;C:\Users\loris\.m2\repository\javax\enterprise\cdi-api\1.0-SP4\cdi-api-1.0-SP4.jar;C:\Users\loris\.m2\repository\com\sun\faces\jsf-api\2.0.3-b05\jsf-api-2.0.3-b05.jar;C:\Users\loris\.m2\repository\javax\inject\javax.inject\1\javax.inject-1.jar;C:\Users\loris\.m2\repository\javax\jws\jsr181-api\1.0-MR1\jsr181-api-1.0-MR1.jar;C:\Users\loris\.m2\repository\javax\mail\mail\1.4.2\mail-1.4.2.jar;C:\Users\loris\.m2\repository\javax\servlet\jstl\1.2\jstl-1.2.jar;C:\Users\loris\.m2\repository\org\hibernate\javax\persistence\hibernate-jpa-2.0-api\1.0.0.Final\hibernate-jpa-2.0-api-1.0.0.Final.jar;C:\Users\loris\.m2\repository\org\jboss\resteasy\jaxrs-api\2.1.0.GA\jaxrs-api-2.1.0.GA.jar;C:\Users\loris\.m2\repository\stax\stax-api\1.0.1\stax-api-1.0.1.jar;C:\Users\loris\.m2\repository\javax\validation\validation-api\1.0.0.GA\validation-api-1.0.0.GA.jar;C:\Users\loris\.m2\repository\com\sun\xml\ws\jaxws-rt\2.2.5\jaxws-rt-2.2.5.jar;C:\Users\loris\.m2\repository\javax\xml\ws\jaxws-api\2.2.5\jaxws-api-2.2.5.jar;C:\Users\loris\.m2\repository\javax\xml\bind\jaxb-api\2.2.3\jaxb-api-2.2.3.jar;C:\Users\loris\.m2\repository\javax\xml\soap\saaj-api\1.3.3\saaj-api-1.3.3.jar;C:\Users\loris\.m2\repository\org\glassfish\javax.annotation\3.1.1-b06\javax.annotation-3.1.1-b06.jar;C:\Users\loris\.m2\repository\com\sun\xml\bind\jaxb-impl\2.2.4-1\jaxb-impl-2.2.4-1.jar;C:\Users\loris\.m2\repository\com\sun\xml\messaging\saaj\saaj-impl\1.3.10\saaj-impl-1.3.10.jar;C:\Users\loris\.m2\repository\com\sun\xml\stream\buffer\streambuffer\1.2\streambuffer-1.2.jar;C:\Users\loris\.m2\repository\org\codehaus\woodstox\woodstox-core-asl\4.1.1\woodstox-core-asl-4.1.1.jar;C:\Users\loris\.m2\repository\javax\xml\stream\stax-api\1.0-2\stax-api-1.0-2.jar;C:\Users\loris\.m2\repository\org\codehaus\woodstox\stax2-api\3.1.1\stax2-api-3.1.1.jar;C:\Users\loris\.m2\repository\org\jvnet\staxex\stax-ex\1.4\stax-ex-1.4.jar;C:\Users\loris\.m2\repository\com\sun\org\apache\xml\internal\resolver\20050927\resolver-20050927.jar;C:\Users\loris\.m2\repository\org\jvnet\mimepull\1.6\mimepull-1.6.jar;C:\Users\loris\.m2\repository\com\sun\xml\ws\policy\2.2.2\policy-2.2.2.jar;C:\Users\loris\.m2\repository\com\sun\xml\txw2\txw2\20090102\txw2-20090102.jar;C:\Users\loris\.m2\repository\com\sun\istack\istack-commons-runtime\2.2.1\istack-commons-runtime-2.2.1.jar;C:\Users\loris\.m2\repository\org\codehaus\woodstox\wstx-asl\3.2.3\wstx-asl-3.2.3.jar;C:\Users\loris\.m2\repository\org\glassfish\gmbal\gmbal-api-only\3.1.0-b001\gmbal-api-only-3.1.0-b001.jar;C:\Users\loris\.m2\repository\org\glassfish\external\management-api\3.0.0-b012\management-api-3.0.0-b012.jar;C:\Users\loris\.m2\repository\org\glassfish\ha\ha-api\3.1.8\ha-api-3.1.8.jar;C:\Users\loris\.m2\repository\org\jdatepicker\jdatepicker\1.3.4\jdatepicker-1.3.4.jar;C:\Users\loris\.m2\repository\com\fasterxml\jackson\core\jackson-databind\2.13.0\jackson-databind-2.13.0.jar;C:\Users\loris\.m2\repository\com\fasterxml\jackson\core\jackson-annotations\2.13.0\jackson-annotations-2.13.0.jar;C:\Users\loris\.m2\repository\com\fasterxml\jackson\core\jackson-core\2.13.0\jackson-core-2.13.0.jar;"/>
    <property name="sun.cpu.endian" value="little"/>
    <property name="user.home" value="C:\Users\loris"/>
    <property name="user.language" value="fr"/>
    <property name="java.specification.vendor" value="Oracle Corporation"/>
    <property name="java.home" value="C:\Program Files\Java\openlogic-openjdk-8u392-b08-windows-64\jre"/>
    <property name="basedir" value="F:\DossierLoris\MonProfil\MesDocumentEcole\Fac\M1\M1-GL\ArchiLogicielleDistribue\TP\TP2_SOAP\P2_hotelDistribue\soapclient"/>
    <property name="file.separator" value="\"/>
    <property name="line.separator" value="&#10;"/>
    <property name="java.vm.specification.vendor" value="Oracle Corporation"/>
    <property name="java.specification.name" value="Java Platform API Specification"/>
    <property name="java.awt.graphicsenv" value="sun.awt.Win32GraphicsEnvironment"/>
    <property name="surefire.real.class.path" value="C:\Users\loris\AppData\Local\Temp\surefire1007916462617944320\surefirebooter6729896282868537642.jar"/>
    <property name="sun.boot.class.path" value="C:\Program Files\Java\openlogic-openjdk-8u392-b08-windows-64\jre\lib\resources.jar;C:\Program Files\Java\openlogic-openjdk-8u392-b08-windows-64\jre\lib\rt.jar;C:\Program Files\Java\openlogic-openjdk-8u392-b08-windows-64\jre\lib\sunrsasign.jar;C:\Program Files\Java\openlogic-openjdk-8u392-b08-windows-64\jre\lib\jsse.jar;C:\Program Files\Java\openlogic-openjdk-8u392-b08-windows-64\jre\lib\jce.jar;C:\Program Files\Java\openlogic-openjdk-8u392-b08-windows-64\jre\lib\charsets.jar;C:\Program Files\Java\openlogic-openjdk-8u392-b08-windows-64\jre\lib\jfr.jar;C:\Program Files\Java\openlogic-openjdk-8u392-b08-windows-64\jre\classes"/>
    <property name="user.script" value=""/>
    <property name="sun.management.compiler" value="HotSpot 64-Bit Tiered Compilers"/>
    <property name="java.runtime.version" value="1.8.0_392-392-b08"/>
    <property name="user.name" value="loris"/>
    <property name="path.separator" value=";"/>
    <property name="os.version" value="10.0"/>
    <property name="java.endorsed.dirs" value="C:\Program Files\Java\openlogic-openjdk-8u392-b08-windows-64\jre\lib\endorsed"/>
    <property name="java.runtime.name" value="OpenJDK Runtime Environment"/>
    <property name="file.encoding" value="Cp1252"/>
    <property name="java.vm.name" value="OpenJDK 64-Bit Server VM"/>
    <property name="localRepository" value="C:\Users\loris\.m2\repository"/>
    <property name="java.vendor.url.bug" value="http://bugreport.sun.com/bugreport/"/>
    <property name="java.io.tmpdir" value="C:\Users\loris\AppData\Local\Temp\"/>
    <property name="idea.version" value="2023.2.5"/>
    <property name="java.version" value="1.8.0_392-392"/>
    <property name="user.dir" value="F:\DossierLoris\MonProfil\MesDocumentEcole\Fac\M1\M1-GL\ArchiLogicielleDistribue\TP\TP2_SOAP\P2_hotelDistribue\soapclient"/>
    <property name="os.arch" value="amd64"/>
    <property name="java.vm.specification.name" value="Java Virtual Machine Specification"/>
    <property name="java.awt.printerjob" value="sun.awt.windows.WPrinterJob"/>
    <property name="sun.os.patch.level" value=""/>
    <property name="java.library.path" value="C:\Program Files\Java\openlogic-openjdk-8u392-b08-windows-64\jre\bin;C:\WINDOWS\Sun\Java\bin;C:\WINDOWS\system32;C:\WINDOWS;C:\Python311\Scripts\;C:\Python311\;F:\Programme\oracle\dbhomeXE\bin;C:\Program Files\Common Files\Oracle\Java\javapath;C:\Program Files (x86)\Razer Chroma SDK\bin;C:\Program Files\Razer Chroma SDK\bin;C:\Windows\system32;C:\Windows;C:\Windows\System32\Wbem;C:\Windows\System32\WindowsPowerShell\v1.0\;C:\Windows\System32\OpenSSH\;C:\Program Files\NVIDIA Corporation\NVIDIA NvDLISR;F:\Programme\Git\cmd;C:\Users\loris\AppData\Local\Microsoft\WindowsApps;C:\Program Files (x86)\NVIDIA Corporation\PhysX\Common;C:\Program Files\Maven\apache-maven-3.8.6\bin;C:\Program Files\dotnet\;C:\WINDOWS\system32;C:\WINDOWS;C:\WINDOWS\System32\Wbem;C:\WINDOWS\System32\WindowsPowerShell\v1.0\;C:\WINDOWS\System32\OpenSSH\;F:\Programme\gcc\mingw64\bin;F:\Programme\node\;C:\ProgramData\chocolatey\bin;F:\Programme\TDM-GCC\bin;F:\Programme\gnuplot\bin;C:\Javalib;C:\Program Files\Java\java-se-8u41-ri\bin;F:\Programme\R-4.3.2\bin;C:\Users\loris\AppData\Local\Microsoft\WindowsApps;C:\Users\loris\AppData\Local\Programs\Microsoft VS Code\bin;D:\IntelliJ IDEA 2023.2.4\bin;;C:\Program Files\Maven\apache-maven-3.8.6\bin;C:\Users\loris\AppData\Local\GitHubDesktop\bin;C:\Users\loris\AppData\Roaming\npm;F:\Programme\heroku\bin;F:\Programme\texlive\2023\bin\windows;."/>
    <property name="java.vm.info" value="mixed mode"/>
    <property name="java.vendor" value="OpenLogic-OpenJDK"/>
    <property name="java.vm.version" value="25.392-b08"/>
    <property name="java.specification.maintenance.version" value="5"/>
    <property name="java.ext.dirs" value="C:\Program Files\Java\openlogic-openjdk-8u392-b08-windows-64\jre\lib\ext;C:\WINDOWS\Sun\Java\lib\ext"/>
    <property name="sun.io.unicode.encoding" value="UnicodeLittle"/>
    <property name="java.class.version" value="52.0"/>
  </properties>
  <testcase name="shouldAnswerWithTrue" classname="m1.archi.AppTest" time="0.001"/>
</testsuite>